<?xml version="1.0" encoding="UTF-8"?>
<testsuite xmlns:xsi="http://www.w3.org/2001/XMLSchema-instance" xsi:noNamespaceSchemaLocation="https://maven.apache.org/surefire/maven-surefire-plugin/xsd/surefire-test-report.xsd" name="ChekNameTest" time="0.532" tests="12" errors="0" skipped="0" failures="0">
  <properties>
    <property name="sun.desktop" value="windows"/>
    <property name="awt.toolkit" value="sun.awt.windows.WToolkit"/>
    <property name="java.specification.version" value="11"/>
    <property name="sun.cpu.isalist" value="amd64"/>
    <property name="sun.jnu.encoding" value="Cp1251"/>
    <property name="java.class.path" value="C:\Users\smith\IdeaProjects\Sprint_4\target\test-classes;C:\Users\smith\IdeaProjects\Sprint_4\target\classes;C:\Users\smith\.m2\repository\io\qameta\allure\allure-junit4\2.18.1\allure-junit4-2.18.1.jar;C:\Users\smith\.m2\repository\io\qameta\allure\allure-java-commons\2.18.1\allure-java-commons-2.18.1.jar;C:\Users\smith\.m2\repository\org\slf4j\slf4j-api\1.7.30\slf4j-api-1.7.30.jar;C:\Users\smith\.m2\repository\io\qameta\allure\allure-model\2.18.1\allure-model-2.18.1.jar;C:\Users\smith\.m2\repository\org\mockito\mockito-core\3.12.4\mockito-core-3.12.4.jar;C:\Users\smith\.m2\repository\net\bytebuddy\byte-buddy-agent\1.11.13\byte-buddy-agent-1.11.13.jar;C:\Users\smith\.m2\repository\org\objenesis\objenesis\3.2\objenesis-3.2.jar;C:\Users\smith\.m2\repository\net\bytebuddy\byte-buddy\1.11.16\byte-buddy-1.11.16.jar;C:\Users\smith\.m2\repository\junit\junit\4.13.2\junit-4.13.2.jar;C:\Users\smith\.m2\repository\org\hamcrest\hamcrest-core\1.3\hamcrest-core-1.3.jar;"/>
    <property name="java.vm.vendor" value="Amazon.com Inc."/>
    <property name="sun.arch.data.model" value="64"/>
    <property name="user.variant" value=""/>
    <property name="java.vendor.url" value="https://aws.amazon.com/corretto/"/>
    <property name="user.timezone" value="Europe/Moscow"/>
    <property name="java.vm.specification.version" value="11"/>
    <property name="os.name" value="Windows 10"/>
    <property name="sun.java.launcher" value="SUN_STANDARD"/>
    <property name="user.country" value="RU"/>
    <property name="sun.boot.library.path" value="C:\Users\smith\.jdks\corretto-11.0.15\bin"/>
    <property name="sun.java.command" value="C:\Users\smith\AppData\Local\Temp\surefire16821189455537460140\surefirebooter17592775600399732386.jar C:\Users\smith\AppData\Local\Temp\surefire16821189455537460140 2022-08-14T17-25-42_794-jvmRun1 surefire2165493322120833603tmp surefire_015483799090558028072tmp"/>
    <property name="jdk.debug" value="release"/>
    <property name="surefire.test.class.path" value="C:\Users\smith\IdeaProjects\Sprint_4\target\test-classes;C:\Users\smith\IdeaProjects\Sprint_4\target\classes;C:\Users\smith\.m2\repository\io\qameta\allure\allure-junit4\2.18.1\allure-junit4-2.18.1.jar;C:\Users\smith\.m2\repository\io\qameta\allure\allure-java-commons\2.18.1\allure-java-commons-2.18.1.jar;C:\Users\smith\.m2\repository\org\slf4j\slf4j-api\1.7.30\slf4j-api-1.7.30.jar;C:\Users\smith\.m2\repository\io\qameta\allure\allure-model\2.18.1\allure-model-2.18.1.jar;C:\Users\smith\.m2\repository\org\mockito\mockito-core\3.12.4\mockito-core-3.12.4.jar;C:\Users\smith\.m2\repository\net\bytebuddy\byte-buddy-agent\1.11.13\byte-buddy-agent-1.11.13.jar;C:\Users\smith\.m2\repository\org\objenesis\objenesis\3.2\objenesis-3.2.jar;C:\Users\smith\.m2\repository\net\bytebuddy\byte-buddy\1.11.16\byte-buddy-1.11.16.jar;C:\Users\smith\.m2\repository\junit\junit\4.13.2\junit-4.13.2.jar;C:\Users\smith\.m2\repository\org\hamcrest\hamcrest-core\1.3\hamcrest-core-1.3.jar;"/>
    <property name="sun.cpu.endian" value="little"/>
    <property name="allure.results.directory" value="C:\Users\smith\IdeaProjects\Sprint_4\target/allure-results"/>
    <property name="user.home" value="C:\Users\smith"/>
    <property name="user.language" value="ru"/>
    <property name="java.specification.vendor" value="Oracle Corporation"/>
    <property name="java.version.date" value="2022-04-19"/>
    <property name="java.home" value="C:\Users\smith\.jdks\corretto-11.0.15"/>
    <property name="file.separator" value="\"/>
    <property name="basedir" value="C:\Users\smith\IdeaProjects\Sprint_4"/>
    <property name="java.vm.compressedOopsMode" value="Zero based"/>
    <property name="line.separator" value="&#10;"/>
    <property name="java.specification.name" value="Java Platform API Specification"/>
    <property name="java.vm.specification.vendor" value="Oracle Corporation"/>
    <property name="java.awt.graphicsenv" value="sun.awt.Win32GraphicsEnvironment"/>
    <property name="surefire.real.class.path" value="C:\Users\smith\AppData\Local\Temp\surefire16821189455537460140\surefirebooter17592775600399732386.jar"/>
    <property name="user.script" value=""/>
    <property name="sun.management.compiler" value="HotSpot 64-Bit Tiered Compilers"/>
    <property name="java.runtime.version" value="11.0.15+9-LTS"/>
    <property name="user.name" value="smith"/>
    <property name="path.separator" value=";"/>
    <property name="os.version" value="10.0"/>
    <property name="java.runtime.name" value="OpenJDK Runtime Environment"/>
    <property name="file.encoding" value="Cp1251"/>
    <property name="java.vm.name" value="OpenJDK 64-Bit Server VM"/>
    <property name="java.vendor.version" value="Corretto-11.0.15.9.1"/>
    <property name="localRepository" value="C:\Users\smith\.m2\repository"/>
    <property name="java.vendor.url.bug" value="https://github.com/corretto/corretto-11/issues/"/>
    <property name="java.io.tmpdir" value="C:\Users\smith\AppData\Local\Temp\"/>
    <property name="idea.version" value="2022.1.2"/>
    <property name="java.version" value="11.0.15"/>
    <property name="user.dir" value="C:\Users\smith\IdeaProjects\Sprint_4"/>
    <property name="os.arch" value="amd64"/>
    <property name="java.vm.specification.name" value="Java Virtual Machine Specification"/>
    <property name="java.awt.printerjob" value="sun.awt.windows.WPrinterJob"/>
    <property name="sun.os.patch.level" value=""/>
    <property name="java.library.path" value="C:\Users\smith\.jdks\corretto-11.0.15\bin;C:\Windows\Sun\Java\bin;C:\Windows\system32;C:\Windows;C:\Program Files\Amazon Corretto\jdk11.0.14_9\bin;C:\Program Files (x86)\VMware\VMware Workstation\bin\;C:\Program Files (x86)\Common Files\Oracle\Java\javapath;C:\Windows\system32;C:\Windows;C:\Windows\System32\Wbem;C:\Windows\System32\WindowsPowerShell\v1.0\;C:\Windows\System32\OpenSSH\;C:\Program Files (x86)\NVIDIA Corporation\PhysX\Common;C:\Program Files\NVIDIA Corporation\NVIDIA NvDLISR;C:\Program Files\Git\cmd;C:\Program Files (x86)\Calibre2\;C:\Program Files\Amazon Corretto\jdk11.0.14_9\bin;C:\Program Files (x86)\PDFtk\bin\;C:\Program Files\nodejs\;C:\allure\allure-2.18.1\bin;C:\Program Files\Docker\Docker\resources\bin;C:\ProgramData\DockerDesktop\version-bin;C:\Program Files\Cloudflare\Cloudflare WARP\;C:\Users\smith\AppData\Local\Microsoft\WindowsApps;C:\java\idea\IDEA\bin;;C:\gradle\bin;C:\Users\smith\AppData\Roaming\npm;C:\Users\smith\AppData\Local\Programs\Microsoft VS Code\bin;C:\maven\apache-maven-3.8.4\bin;;C:\Program Files\JetBrains\IntelliJ IDEA 2022.1.2\bin;;."/>
    <property name="java.vm.info" value="mixed mode"/>
    <property name="java.vendor" value="Amazon.com Inc."/>
    <property name="java.vm.version" value="11.0.15+9-LTS"/>
    <property name="sun.io.unicode.encoding" value="UnicodeLittle"/>
    <property name="java.class.version" value="55.0"/>
  </properties>
  <testcase name="checkRightString" classname="ChekNameTest" time="0.36"/>
  <testcase name="checkStringWithThreeChars" classname="ChekNameTest" time="0.001"/>
  <testcase name="checkStringWithEmptyChars" classname="ChekNameTest" time="0.001"/>
  <testcase name="checkStringWithNineteenChars" classname="ChekNameTest" time="0.001"/>
  <testcase name="checkStringWithoutSpace" classname="ChekNameTest" time="0.001"/>
  <testcase name="checkStringWithFourthChars" classname="ChekNameTest" time="0.002"/>
  <testcase name="checkStringWithTwentyChars" classname="ChekNameTest" time="0.001"/>
  <testcase name="checkStringWithSpaceInEnd" classname="ChekNameTest" time="0.001"/>
  <testcase name="checkStringWithSpaceInStart" classname="ChekNameTest" time="0.001"/>
  <testcase name="checkStringWithTwoSpaces" classname="ChekNameTest" time="0.001"/>
  <testcase name="checkStringWithEighteenChars" classname="ChekNameTest" time="0.001"/>
  <testcase name="checkStringWithTwoChars" classname="ChekNameTest" time="0.001"/>
</testsuite>